<?xml version="1.0" encoding="UTF-8"?>
<!-- Generated by org.testng.reporters.JUnitReportReporter -->
<testsuite hostname="PARAMMEHTA-PM" name="testFiles.RedittTest" tests="2" failures="0" timestamp="2 May 2019 22:14:14 GMT" time="70.627" errors="0">
  <testcase name="getSortedPosts" time="56.907" classname="testFiles.RedittTest"/>
  <testcase name="testLogin" time="13.720" classname="testFiles.RedittTest"/>
</testsuite> <!-- testFiles.RedittTest -->
