<?xml version="1.0" encoding="UTF-8"?>
<!-- Generated by org.testng.reporters.JUnitReportReporter -->
<testsuite hostname="PARAMMEHTA-PM" name="testSuit.RedittTest" tests="3" failures="0" timestamp="5 May 2019 19:00:04 GMT" time="120.673" errors="0">
  <testcase name="readPosts" time="100.429" classname="testSuit.RedittTest"/>
  <testcase name="testLogin" time="18.690" classname="testSuit.RedittTest"/>
  <testcase name="verifyLogin" time="1.554" classname="testSuit.RedittTest"/>
</testsuite> <!-- testSuit.RedittTest -->
