<?xml version="1.0" encoding="UTF-8"?>
<!-- Generated by org.testng.reporters.JUnitReportReporter -->
<testsuite hostname="PARAMMEHTA-PM" name="testFiles.RedittTest" tests="1" failures="0" timestamp="1 May 2019 20:46:47 GMT" time="41.088" errors="0">
  <testcase name="testLogin" time="41.088" classname="testFiles.RedittTest"/>
</testsuite> <!-- testFiles.RedittTest -->
