<?xml version="1.0" encoding="UTF-8"?>
<!-- Generated by org.testng.reporters.JUnitReportReporter -->
<testsuite hostname="PARAMMEHTA-PM" name="testSuit.RedittTest" tests="3" failures="0" timestamp="5 May 2019 19:22:38 GMT" time="112.293" errors="0">
  <testcase name="readPosts" time="105.951" classname="testSuit.RedittTest"/>
  <testcase name="testLogin" time="4.973" classname="testSuit.RedittTest"/>
  <testcase name="verifyLogin" time="1.369" classname="testSuit.RedittTest"/>
</testsuite> <!-- testSuit.RedittTest -->
