<?xml version="1.0" encoding="UTF-8"?>
<!-- Generated by org.testng.reporters.JUnitReportReporter -->
<testsuite hostname="PARAMMEHTA-PM" name="testFiles.RedittTest" tests="1" failures="0" timestamp="5 May 2019 11:39:29 GMT" time="68.802" errors="0">
  <testcase name="getSortedPosts" time="68.802" classname="testFiles.RedittTest"/>
</testsuite> <!-- testFiles.RedittTest -->
