<?xml version="1.0" encoding="UTF-8"?>
<!-- Generated by org.testng.reporters.JUnitReportReporter -->
<testsuite hostname="PARAMMEHTA-PM" name="testFiles.RedittTest" tests="1" failures="0" timestamp="1 May 2019 19:52:09 GMT" time="54.108" errors="0">
  <testcase name="testLogin" time="54.108" classname="testFiles.RedittTest"/>
</testsuite> <!-- testFiles.RedittTest -->
